[2020-11-21T16:11:46.913240+01:00] name.INFO: Se ha insertado una nueva imagen llamada conterraza.png [] []
[2020-11-21T16:14:36.685416+01:00] name.INFO: Se ha insertado una nueva imagen llamada 1605971676soleada.jpg [] []
[2020-11-21T16:16:08.686235+01:00] name.INFO: Se ha insertado una nueva imagen llamada 1605971768moderna.jpg [] []
[2020-11-21T16:17:42.769705+01:00] name.INFO: Se ha insertado una nueva imagen llamada 1605971862moderna.jpg [] []
[2020-11-21T16:21:58.277938+01:00] name.INFO: Se ha insertado una nueva imagen llamada 1605972118soleada.jpg [] []
[2020-11-21T16:23:40.966152+01:00] name.INFO: Se ha insertado una nueva imagen llamada 1605972220moderna.jpg [] []
[2020-11-21T16:25:11.568871+01:00] name.INFO: Se ha insertado una nueva imagen llamada 1605972311soleada.jpg [] []
[2020-11-21T16:27:16.476225+01:00] name.INFO: Se ha insertado una nueva imagen llamada 1605972436moderna.jpg [] []
[2020-11-21T16:35:00.454492+01:00] name.INFO: Se ha insertado una nueva imagen llamada 1605972900conterraza.png [] []
[2020-11-21T16:36:33.001238+01:00] name.INFO: Se ha insertado una nueva imagen llamada 1605972992moderna.jpg [] []
[2020-11-21T16:38:57.067298+01:00] name.INFO: Se ha insertado una nueva imagen llamada 1605973137moderna.jpg [] []
[2020-11-21T16:40:08.083359+01:00] name.INFO: Se ha insertado una nueva imagen llamada 1605973208moderna.jpg [] []
[2020-11-21T16:41:46.949893+01:00] name.INFO: Se ha insertado una nueva imagen llamada 1605973306moderna.jpg [] []
[2020-11-21T16:43:26.932345+01:00] name.INFO: Se ha insertado una nueva imagen llamada 1605973406soleada.jpg [] []
[2020-11-23T15:57:35.367551+01:00] name.INFO: Se ha insertado una nueva imagen llamada conterraza.png [] []
[2020-11-24T11:42:15.437606+01:00] name.INFO: Se ha insertado una nueva imagen llamada moderna.jpg [] []
[2020-11-24T11:43:32.770995+01:00] name.INFO: Se ha insertado una nueva imagen llamada 1606214612moderna.jpg [] []
[2020-11-30T19:22:47.938936+01:00] name.INFO: Se ha insertado una nueva imagen llamada  [] []
[2020-12-02T19:46:31.530402+01:00] name.INFO: Se ha insertado una nueva imagen llamada  [] []
[2020-12-02T19:48:53.684026+01:00] name.INFO: Se ha insertado una nueva imagen llamada  [] []
[2020-12-02T20:01:19.482268+01:00] name.INFO: Se ha insertado una nueva imagen llamada  [] []
[2020-12-02T22:00:36.373448+01:00] name.INFO: Se ha insertado una nueva imagen llamada  [] []
[2020-12-02T22:08:08.976773+01:00] name.INFO: Se ha insertado una nueva imagen llamada  [] []
[2020-12-02T22:18:02.893300+01:00] name.INFO: Se ha insertado una nueva imagen llamada  [] []
[2020-12-02T22:24:39.188401+01:00] name.INFO: Se ha insertado una nueva imagen llamada  [] []
[2020-12-02T22:28:18.404698+01:00] name.INFO: Se ha insertado una nueva imagen llamada 1606944498soleada.jpg [] []
[2020-12-02T22:30:27.916720+01:00] name.INFO: Se ha insertado una nueva imagen llamada 1606944627moderna.jpg [] []
[2020-12-02T22:32:24.062410+01:00] name.INFO: Se ha insertado una nueva imagen llamada 1606944743conterraza.png [] []
[2020-12-03T13:37:59.678460+01:00] name.INFO: Se ha insertado una nueva imagen llamada 1606999079moderna.jpg [] []
[2020-12-03T18:19:15.813410+01:00] name.INFO: Se ha insertado una nueva imagen llamada  [] []
[2020-12-03T18:21:15.417989+01:00] name.INFO: Se ha insertado una nueva imagen llamada  [] []
[2020-12-03T18:22:07.227784+01:00] name.INFO: Se ha insertado una nueva imagen llamada  [] []
[2020-12-03T18:23:48.468632+01:00] name.INFO: Se ha insertado una nueva imagen llamada 1607016228soleada.jpg [] []
[2020-12-03T18:24:13.234632+01:00] name.INFO: Se ha insertado una nueva imagen llamada 1607016253soleada.jpg [] []
[2020-12-03T18:24:36.498832+01:00] name.INFO: Se ha insertado una nueva imagen llamada  [] []
[2020-12-08T11:12:05.525664+01:00] name.INFO: Se ha insertado una nueva imagen llamada 1607422325moderna.jpg [] []
[2020-12-08T18:27:03.780076+01:00] name.INFO: Se ha insertado una nueva imagen llamada 1607448423soleada.jpg [] []
[2020-12-08T18:29:29.525828+01:00] name.INFO: Se ha insertado una nueva imagen llamada 1607448569moderna.jpg [] []
[2020-12-10T09:59:54.969357+01:00] name.INFO: Se ha insertado una nueva imagen llamada 1607590794conterraza.png [] []
[2020-12-11T11:21:06.101868+01:00] name.INFO: Se ha insertado una nueva imagen llamada 1607682065conterraza.png [] []
[2020-12-11T11:25:20.494632+01:00] name.INFO: Se ha insertado una nueva imagen llamada 1607682320moderna.jpg [] []
[2020-12-11T11:38:34.984731+01:00] name.INFO: Se ha insertado una nueva imagen llamada 1607683114soleada.jpg [] []
[2020-12-11T11:45:35.112751+01:00] name.INFO: Se ha insertado una nueva imagen llamada 1607683535soleada.jpg [] []
[2020-12-11T11:46:42.148742+01:00] name.INFO: Se ha insertado una nueva imagen llamada 1607683602soleada.jpg [] []
[2020-12-14T10:51:33.217537+01:00] name.INFO: Se ha insertado una nueva imagen llamada amplio.jpg [] []
[2020-12-14T10:54:03.683653+01:00] name.INFO: Se ha insertado una nueva imagen llamada  [] []
[2020-12-14T11:02:29.262236+01:00] name.INFO: Se ha insertado una nueva imagen llamada 1607940149conterraza.png [] []
[2020-12-14T13:30:46.507503+01:00] name.INFO: Se ha insertado una nueva imagen llamada 1607949046moderna.jpg [] []
[2020-12-29T18:53:32.682340+01:00] name.INFO: Se ha insertado una nueva imagen llamada 1609264412moderna.jpg [] []
[2020-12-31T16:44:58.242377+01:00] name.INFO: Se ha insertado una nueva imagen llamada amplio.jpg [] []
[2020-12-31T16:55:08.160086+01:00] name.INFO: Se ha insertado una nueva imagen llamada amplio.jpg [] []
[2020-12-31T16:55:19.520261+01:00] name.INFO: Se ha insertado una nueva imagen llamada amplio.jpg [] []
[2020-12-31T16:58:09.394588+01:00] name.INFO: Se ha insertado una nueva imagen llamada amplio.jpg [] []
[2020-12-31T17:00:40.359061+01:00] name.INFO: Se ha insertado una nueva imagen llamada amplio.jpg [] []
[2020-12-31T17:04:24.800169+01:00] name.INFO: Se ha insertado una nueva imagen llamada 1607949046moderna.jpg [] []
[2020-12-31T17:19:59.191472+01:00] name.INFO: Se ha insertado una nueva imagen llamada 1607949046moderna.jpg [] []
